running egg_info
creating ../../build/pick_and_place/pick_and_place.egg-info
writing ../../build/pick_and_place/pick_and_place.egg-info/PKG-INFO
writing dependency_links to ../../build/pick_and_place/pick_and_place.egg-info/dependency_links.txt
writing entry points to ../../build/pick_and_place/pick_and_place.egg-info/entry_points.txt
writing requirements to ../../build/pick_and_place/pick_and_place.egg-info/requires.txt
writing top-level names to ../../build/pick_and_place/pick_and_place.egg-info/top_level.txt
writing manifest file '../../build/pick_and_place/pick_and_place.egg-info/SOURCES.txt'
reading manifest file '../../build/pick_and_place/pick_and_place.egg-info/SOURCES.txt'
writing manifest file '../../build/pick_and_place/pick_and_place.egg-info/SOURCES.txt'
running build
running build_py
creating /home/ubuntu/me314-group2/ros2_ws/build/pick_and_place/build
creating /home/ubuntu/me314-group2/ros2_ws/build/pick_and_place/build/lib
creating /home/ubuntu/me314-group2/ros2_ws/build/pick_and_place/build/lib/pick_and_place
copying pick_and_place/__init__.py -> /home/ubuntu/me314-group2/ros2_ws/build/pick_and_place/build/lib/pick_and_place
running install
running install_lib
creating /home/ubuntu/me314-group2/ros2_ws/install/pick_and_place/lib/python3.10/site-packages/pick_and_place
copying /home/ubuntu/me314-group2/ros2_ws/build/pick_and_place/build/lib/pick_and_place/__init__.py -> /home/ubuntu/me314-group2/ros2_ws/install/pick_and_place/lib/python3.10/site-packages/pick_and_place
byte-compiling /home/ubuntu/me314-group2/ros2_ws/install/pick_and_place/lib/python3.10/site-packages/pick_and_place/__init__.py to __init__.cpython-310.pyc
running install_data
creating /home/ubuntu/me314-group2/ros2_ws/install/pick_and_place/share/ament_index
creating /home/ubuntu/me314-group2/ros2_ws/install/pick_and_place/share/ament_index/resource_index
creating /home/ubuntu/me314-group2/ros2_ws/install/pick_and_place/share/ament_index/resource_index/packages
copying resource/pick_and_place -> /home/ubuntu/me314-group2/ros2_ws/install/pick_and_place/share/ament_index/resource_index/packages
copying package.xml -> /home/ubuntu/me314-group2/ros2_ws/install/pick_and_place/share/pick_and_place
running install_egg_info
Copying ../../build/pick_and_place/pick_and_place.egg-info to /home/ubuntu/me314-group2/ros2_ws/install/pick_and_place/lib/python3.10/site-packages/pick_and_place-0.0.0-py3.10.egg-info
running install_scripts
writing list of installed files to '/home/ubuntu/me314-group2/ros2_ws/build/pick_and_place/install.log'
