[2.204s] Invoking command in '/home/ubuntu/me314-group2/ros2_ws/src/pick_and_place': PYTHONPATH=/home/ubuntu/me314-group2/ros2_ws/build/pick_and_place/prefix_override:/usr/lib/python3/dist-packages/colcon_core/task/python/colcon_distutils_commands:/home/ubuntu/me314-group2/ros2_ws/install/pick_and_place/lib/python3.10/site-packages:${PYTHONPATH} /usr/bin/python3 -W ignore:setup.py install is deprecated -W ignore:easy_install command is deprecated setup.py egg_info --egg-base ../../build/pick_and_place build --build-base /home/ubuntu/me314-group2/ros2_ws/build/pick_and_place/build install --record /home/ubuntu/me314-group2/ros2_ws/build/pick_and_place/install.log --single-version-externally-managed install_data
[2.664s] running egg_info
[2.674s] creating ../../build/pick_and_place/pick_and_place.egg-info
[2.674s] writing ../../build/pick_and_place/pick_and_place.egg-info/PKG-INFO
[2.675s] writing dependency_links to ../../build/pick_and_place/pick_and_place.egg-info/dependency_links.txt
[2.675s] writing entry points to ../../build/pick_and_place/pick_and_place.egg-info/entry_points.txt
[2.675s] writing requirements to ../../build/pick_and_place/pick_and_place.egg-info/requires.txt
[2.675s] writing top-level names to ../../build/pick_and_place/pick_and_place.egg-info/top_level.txt
[2.675s] writing manifest file '../../build/pick_and_place/pick_and_place.egg-info/SOURCES.txt'
[2.675s] reading manifest file '../../build/pick_and_place/pick_and_place.egg-info/SOURCES.txt'
[2.675s] writing manifest file '../../build/pick_and_place/pick_and_place.egg-info/SOURCES.txt'
[2.675s] running build
[2.675s] running build_py
[2.675s] creating /home/ubuntu/me314-group2/ros2_ws/build/pick_and_place/build
[2.675s] creating /home/ubuntu/me314-group2/ros2_ws/build/pick_and_place/build/lib
[2.675s] creating /home/ubuntu/me314-group2/ros2_ws/build/pick_and_place/build/lib/pick_and_place
[2.675s] copying pick_and_place/__init__.py -> /home/ubuntu/me314-group2/ros2_ws/build/pick_and_place/build/lib/pick_and_place
[2.693s] running install
[2.693s] running install_lib
[2.693s] creating /home/ubuntu/me314-group2/ros2_ws/install/pick_and_place/lib/python3.10/site-packages/pick_and_place
[2.693s] copying /home/ubuntu/me314-group2/ros2_ws/build/pick_and_place/build/lib/pick_and_place/__init__.py -> /home/ubuntu/me314-group2/ros2_ws/install/pick_and_place/lib/python3.10/site-packages/pick_and_place
[2.693s] byte-compiling /home/ubuntu/me314-group2/ros2_ws/install/pick_and_place/lib/python3.10/site-packages/pick_and_place/__init__.py to __init__.cpython-310.pyc
[2.693s] running install_data
[2.693s] creating /home/ubuntu/me314-group2/ros2_ws/install/pick_and_place/share/ament_index
[2.693s] creating /home/ubuntu/me314-group2/ros2_ws/install/pick_and_place/share/ament_index/resource_index
[2.693s] creating /home/ubuntu/me314-group2/ros2_ws/install/pick_and_place/share/ament_index/resource_index/packages
[2.693s] copying resource/pick_and_place -> /home/ubuntu/me314-group2/ros2_ws/install/pick_and_place/share/ament_index/resource_index/packages
[2.693s] copying package.xml -> /home/ubuntu/me314-group2/ros2_ws/install/pick_and_place/share/pick_and_place
[2.693s] running install_egg_info
[2.693s] Copying ../../build/pick_and_place/pick_and_place.egg-info to /home/ubuntu/me314-group2/ros2_ws/install/pick_and_place/lib/python3.10/site-packages/pick_and_place-0.0.0-py3.10.egg-info
[2.693s] running install_scripts
[2.734s] writing list of installed files to '/home/ubuntu/me314-group2/ros2_ws/build/pick_and_place/install.log'
[2.809s] Invoked command in '/home/ubuntu/me314-group2/ros2_ws/src/pick_and_place' returned '0': PYTHONPATH=/home/ubuntu/me314-group2/ros2_ws/build/pick_and_place/prefix_override:/usr/lib/python3/dist-packages/colcon_core/task/python/colcon_distutils_commands:/home/ubuntu/me314-group2/ros2_ws/install/pick_and_place/lib/python3.10/site-packages:${PYTHONPATH} /usr/bin/python3 -W ignore:setup.py install is deprecated -W ignore:easy_install command is deprecated setup.py egg_info --egg-base ../../build/pick_and_place build --build-base /home/ubuntu/me314-group2/ros2_ws/build/pick_and_place/build install --record /home/ubuntu/me314-group2/ros2_ws/build/pick_and_place/install.log --single-version-externally-managed install_data
