[0.000000] (-) TimerEvent: {}
[0.012860] (pick_and_place) JobQueued: {'identifier': 'pick_and_place', 'dependencies': OrderedDict()}
[0.022224] (pick_and_place) JobStarted: {'identifier': 'pick_and_place'}
[0.097732] (-) TimerEvent: {}
[0.198310] (-) TimerEvent: {}
[0.299205] (-) TimerEvent: {}
[0.400028] (-) TimerEvent: {}
[0.502018] (-) TimerEvent: {}
[0.603024] (-) TimerEvent: {}
[0.705739] (-) TimerEvent: {}
[0.806441] (-) TimerEvent: {}
[0.906974] (-) TimerEvent: {}
[1.007770] (-) TimerEvent: {}
[1.110904] (-) TimerEvent: {}
[1.211452] (-) TimerEvent: {}
[1.312819] (-) TimerEvent: {}
[1.413325] (-) TimerEvent: {}
[1.516448] (-) TimerEvent: {}
[1.628034] (-) TimerEvent: {}
[1.737276] (-) TimerEvent: {}
[1.837894] (-) TimerEvent: {}
[1.938498] (-) TimerEvent: {}
[2.040563] (-) TimerEvent: {}
[2.141622] (-) TimerEvent: {}
[2.220006] (pick_and_place) Command: {'cmd': ['/usr/bin/python3', '-W', 'ignore:setup.py install is deprecated', '-W', 'ignore:easy_install command is deprecated', 'setup.py', 'egg_info', '--egg-base', '../../build/pick_and_place', 'build', '--build-base', '/home/ubuntu/me314-group2/ros2_ws/build/pick_and_place/build', 'install', '--record', '/home/ubuntu/me314-group2/ros2_ws/build/pick_and_place/install.log', '--single-version-externally-managed', 'install_data'], 'cwd': '/home/ubuntu/me314-group2/ros2_ws/src/pick_and_place', 'env': {'VNCDESKTOP': '4225ff03ba4b:1 (ubuntu)', 'QT_SCALE_FACTOR': '1', 'USER': 'ubuntu', 'SUPERVISOR_GROUP_NAME': 'vnc', 'HOSTNAME': '4225ff03ba4b', 'ROS_PACKAGE_PATH': '/home/ubuntu/xarm_ros2_ws/install/gazebo_grasp_plugin/share', 'XDG_SESSION_TYPE': 'x11', 'SHLVL': '2', 'LD_LIBRARY_PATH': '/home/ubuntu/xarm_ros2_ws/install/xarm_planner/lib:/home/ubuntu/xarm_ros2_ws/install/xarm_moveit_servo/lib:/home/ubuntu/xarm_ros2_ws/install/xarm_gazebo/lib:/home/ubuntu/xarm_ros2_ws/install/xarm_controller/lib:/home/ubuntu/xarm_ros2_ws/install/xarm_api/lib:/home/ubuntu/xarm_ros2_ws/install/xarm_sdk/lib:/home/ubuntu/xarm_ros2_ws/install/xarm_msgs/lib:/home/ubuntu/xarm_ros2_ws/install/realsense_gazebo_plugin/lib:/home/ubuntu/xarm_ros2_ws/install/me314_msgs/lib:/home/ubuntu/xarm_ros2_ws/install/gazebo_grasp_plugin/lib:/home/ubuntu/xarm_ros2_ws/install/gazebo_version_helpers/lib:/usr/lib/x86_64-linux-gnu/gazebo-11/plugins:/opt/ros/humble/opt/rviz_ogre_vendor/lib:/opt/ros/humble/lib/x86_64-linux-gnu:/opt/ros/humble/lib:/usr/share/gazebo/../../lib/x86_64-linux-gnu/gazebo-11/plugins:', 'HOME': '/home/ubuntu', 'OLDPWD': '/home/ubuntu/me314-group2/ros2_ws/src', 'GIO_LAUNCHED_DESKTOP_FILE': '/home/ubuntu/Desktop/terminator.desktop', 'GAZEBO_MASTER_URI': 'http://localhost:11345', 'ROS_PYTHON_VERSION': '3', 'LC_CTYPE': 'C.UTF-8', 'DBUS_SESSION_BUS_ADDRESS': 'unix:abstract=/tmp/dbus-ZtHQoBNV4D,guid=f0f5075ba3a63a58bbc8ce3867f5b317', 'COLORTERM': 'truecolor', 'TERMINATOR_DBUS_NAME': 'net.tenshu.Terminator23558193cd9818af7fe4d2c2f5bd9d00f', 'GIO_LAUNCHED_DESKTOP_FILE_PID': '924', 'GNOME_KEYRING_CONTROL': '/home/ubuntu/.cache/keyring-PYWH42', 'COLCON_PREFIX_PATH': '/home/ubuntu/xarm_ros2_ws/install', 'ROS_DISTRO': 'humble', '_': '/usr/bin/colcon', 'ROS_VERSION': '2', 'PKG_CONFIG_PATH': '/home/ubuntu/xarm_ros2_ws/install/gazebo_grasp_plugin/lib/x86_64-linux-gnu/pkgconfig:/home/ubuntu/xarm_ros2_ws/install/gazebo_grasp_plugin/lib/pkgconfig', 'XDG_SESSION_CLASS': 'user', 'TERM': 'xterm-256color', 'GTK_OVERLAY_SCROLLING': '0', 'GAZEBO_MODEL_PATH': '/usr/share/gazebo/../../share/gazebo-11/models:', 'ROS_LOCALHOST_ONLY': '0', 'INSIDE_CAJA_PYTHON': '', 'OGRE_RESOURCE_PATH': '/usr/lib/x86_64-linux-gnu/OGRE-1.9.0', 'PATH': '/opt/ros/humble/bin:/usr/local/sbin:/usr/local/bin:/usr/sbin:/usr/bin:/sbin:/bin', 'SESSION_MANAGER': 'local/4225ff03ba4b:@/tmp/.ICE-unix/84,unix/4225ff03ba4b:/tmp/.ICE-unix/84', 'DISPLAY': ':1', 'TERMINATOR_DBUS_PATH': '/net/tenshu/Terminator2', 'XDG_CURRENT_DESKTOP': 'MATE', 'SUPERVISOR_ENABLED': '1', 'SSH_AUTH_SOCK': '/home/ubuntu/.cache/keyring-PYWH42/ssh', 'AMENT_PREFIX_PATH': '/home/ubuntu/xarm_ros2_ws/install/xarm_planner:/home/ubuntu/xarm_ros2_ws/install/xarm_moveit_servo:/home/ubuntu/xarm_ros2_ws/install/xarm_moveit_config:/home/ubuntu/xarm_ros2_ws/install/xarm_gazebo:/home/ubuntu/xarm_ros2_ws/install/xarm_controller:/home/ubuntu/xarm_ros2_ws/install/xarm_api:/home/ubuntu/xarm_ros2_ws/install/xarm_sdk:/home/ubuntu/xarm_ros2_ws/install/xarm_msgs:/home/ubuntu/xarm_ros2_ws/install/xarm_description:/home/ubuntu/xarm_ros2_ws/install/uf_ros_lib:/home/ubuntu/xarm_ros2_ws/install/realsense_gazebo_plugin:/home/ubuntu/xarm_ros2_ws/install/me314_pkg:/home/ubuntu/xarm_ros2_ws/install/me314_msgs:/home/ubuntu/xarm_ros2_ws/install/mbot_demo:/home/ubuntu/xarm_ros2_ws/install/gazebo_grasp_plugin_ros:/home/ubuntu/xarm_ros2_ws/install/gazebo_version_helpers:/opt/ros/humble', 'TERMINATOR_UUID': 'urn:uuid:16634124-c9e4-4035-af85-03ad4ba29d30', 'PASSWD': 'ubuntu', 'SUPERVISOR_SERVER_URL': 'unix:///var/run/supervisor.sock', 'GAZEBO_RESOURCE_PATH': '/usr/share/gazebo/../../share/gazebo-11:', 'GAZEBO_MODEL_DATABASE_URI': 'http://models.gazebosim.org', 'SUPERVISOR_PROCESS_NAME': 'vnc', 'PWD': '/home/ubuntu/me314-group2/ros2_ws/build/pick_and_place', 'GAZEBO_PLUGIN_PATH': '/usr/share/gazebo/../../lib/x86_64-linux-gnu/gazebo-11/plugins:', 'PYTHONPATH': '/home/ubuntu/me314-group2/ros2_ws/build/pick_and_place/prefix_override:/usr/lib/python3/dist-packages/colcon_core/task/python/colcon_distutils_commands:/home/ubuntu/me314-group2/ros2_ws/install/pick_and_place/lib/python3.10/site-packages:/home/ubuntu/xarm_ros2_ws/install/xarm_msgs/local/lib/python3.10/dist-packages:/home/ubuntu/xarm_ros2_ws/install/uf_ros_lib/lib/python3.10/site-packages:/home/ubuntu/xarm_ros2_ws/install/me314_pkg/local/lib/python3.10/dist-packages:/home/ubuntu/xarm_ros2_ws/install/me314_msgs/local/lib/python3.10/dist-packages:/opt/ros/humble/lib/python3.10/site-packages:/opt/ros/humble/local/lib/python3.10/dist-packages', 'MATE_DESKTOP_SESSION_ID': 'this-is-deprecated', 'COLCON': '1', 'VTE_VERSION': '6800', 'CMAKE_PREFIX_PATH': '/home/ubuntu/xarm_ros2_ws/install/xarm_planner:/home/ubuntu/xarm_ros2_ws/install/xarm_moveit_servo:/home/ubuntu/xarm_ros2_ws/install/xarm_moveit_config:/home/ubuntu/xarm_ros2_ws/install/xarm_gazebo:/home/ubuntu/xarm_ros2_ws/install/xarm_controller:/home/ubuntu/xarm_ros2_ws/install/xarm_api:/home/ubuntu/xarm_ros2_ws/install/xarm_sdk:/home/ubuntu/xarm_ros2_ws/install/xarm_msgs:/home/ubuntu/xarm_ros2_ws/install/xarm_description:/home/ubuntu/xarm_ros2_ws/install/realsense_gazebo_plugin:/home/ubuntu/xarm_ros2_ws/install/me314_pkg:/home/ubuntu/xarm_ros2_ws/install/me314_msgs:/home/ubuntu/xarm_ros2_ws/install/mbot_demo:/home/ubuntu/xarm_ros2_ws/install/gazebo_grasp_plugin_ros:/home/ubuntu/xarm_ros2_ws/install/gazebo_grasp_plugin:/home/ubuntu/xarm_ros2_ws/install/gazebo_version_helpers', 'QT_FONT_DPI': '96'}, 'shell': False}
[2.241868] (-) TimerEvent: {}
[2.344965] (-) TimerEvent: {}
[2.445764] (-) TimerEvent: {}
[2.546291] (-) TimerEvent: {}
[2.648260] (-) TimerEvent: {}
[2.686084] (pick_and_place) StdoutLine: {'line': b'running egg_info\n'}
[2.686521] (pick_and_place) StdoutLine: {'line': b'creating ../../build/pick_and_place/pick_and_place.egg-info\n'}
[2.696614] (pick_and_place) StdoutLine: {'line': b'writing ../../build/pick_and_place/pick_and_place.egg-info/PKG-INFO\n'}
[2.696790] (pick_and_place) StdoutLine: {'line': b'writing dependency_links to ../../build/pick_and_place/pick_and_place.egg-info/dependency_links.txt\n'}
[2.696857] (pick_and_place) StdoutLine: {'line': b'writing entry points to ../../build/pick_and_place/pick_and_place.egg-info/entry_points.txt\n'}
[2.696915] (pick_and_place) StdoutLine: {'line': b'writing requirements to ../../build/pick_and_place/pick_and_place.egg-info/requires.txt\n'}
[2.696970] (pick_and_place) StdoutLine: {'line': b'writing top-level names to ../../build/pick_and_place/pick_and_place.egg-info/top_level.txt\n'}
[2.697024] (pick_and_place) StdoutLine: {'line': b"writing manifest file '../../build/pick_and_place/pick_and_place.egg-info/SOURCES.txt'\n"}
[2.697077] (pick_and_place) StdoutLine: {'line': b"reading manifest file '../../build/pick_and_place/pick_and_place.egg-info/SOURCES.txt'\n"}
[2.697130] (pick_and_place) StdoutLine: {'line': b"writing manifest file '../../build/pick_and_place/pick_and_place.egg-info/SOURCES.txt'\n"}
[2.697194] (pick_and_place) StdoutLine: {'line': b'running build\n'}
[2.697247] (pick_and_place) StdoutLine: {'line': b'running build_py\n'}
[2.697299] (pick_and_place) StdoutLine: {'line': b'creating /home/ubuntu/me314-group2/ros2_ws/build/pick_and_place/build\n'}
[2.697355] (pick_and_place) StdoutLine: {'line': b'creating /home/ubuntu/me314-group2/ros2_ws/build/pick_and_place/build/lib\n'}
[2.697409] (pick_and_place) StdoutLine: {'line': b'creating /home/ubuntu/me314-group2/ros2_ws/build/pick_and_place/build/lib/pick_and_place\n'}
[2.697462] (pick_and_place) StdoutLine: {'line': b'copying pick_and_place/__init__.py -> /home/ubuntu/me314-group2/ros2_ws/build/pick_and_place/build/lib/pick_and_place\n'}
[2.714615] (pick_and_place) StdoutLine: {'line': b'running install\n'}
[2.714941] (pick_and_place) StdoutLine: {'line': b'running install_lib\n'}
[2.715012] (pick_and_place) StdoutLine: {'line': b'creating /home/ubuntu/me314-group2/ros2_ws/install/pick_and_place/lib/python3.10/site-packages/pick_and_place\n'}
[2.715076] (pick_and_place) StdoutLine: {'line': b'copying /home/ubuntu/me314-group2/ros2_ws/build/pick_and_place/build/lib/pick_and_place/__init__.py -> /home/ubuntu/me314-group2/ros2_ws/install/pick_and_place/lib/python3.10/site-packages/pick_and_place\n'}
[2.715138] (pick_and_place) StdoutLine: {'line': b'byte-compiling /home/ubuntu/me314-group2/ros2_ws/install/pick_and_place/lib/python3.10/site-packages/pick_and_place/__init__.py to __init__.cpython-310.pyc\n'}
[2.715194] (pick_and_place) StdoutLine: {'line': b'running install_data\n'}
[2.715249] (pick_and_place) StdoutLine: {'line': b'creating /home/ubuntu/me314-group2/ros2_ws/install/pick_and_place/share/ament_index\n'}
[2.715304] (pick_and_place) StdoutLine: {'line': b'creating /home/ubuntu/me314-group2/ros2_ws/install/pick_and_place/share/ament_index/resource_index\n'}
[2.715357] (pick_and_place) StdoutLine: {'line': b'creating /home/ubuntu/me314-group2/ros2_ws/install/pick_and_place/share/ament_index/resource_index/packages\n'}
[2.715410] (pick_and_place) StdoutLine: {'line': b'copying resource/pick_and_place -> /home/ubuntu/me314-group2/ros2_ws/install/pick_and_place/share/ament_index/resource_index/packages\n'}
[2.715465] (pick_and_place) StdoutLine: {'line': b'copying package.xml -> /home/ubuntu/me314-group2/ros2_ws/install/pick_and_place/share/pick_and_place\n'}
[2.715517] (pick_and_place) StdoutLine: {'line': b'running install_egg_info\n'}
[2.715570] (pick_and_place) StdoutLine: {'line': b'Copying ../../build/pick_and_place/pick_and_place.egg-info to /home/ubuntu/me314-group2/ros2_ws/install/pick_and_place/lib/python3.10/site-packages/pick_and_place-0.0.0-py3.10.egg-info\n'}
[2.715625] (pick_and_place) StdoutLine: {'line': b'running install_scripts\n'}
[2.748479] (-) TimerEvent: {}
[2.755864] (pick_and_place) StdoutLine: {'line': b"writing list of installed files to '/home/ubuntu/me314-group2/ros2_ws/build/pick_and_place/install.log'\n"}
[2.831194] (pick_and_place) CommandEnded: {'returncode': 0}
[2.849208] (-) TimerEvent: {}
[2.863793] (pick_and_place) JobEnded: {'identifier': 'pick_and_place', 'rc': 0}
[2.865941] (-) EventReactorShutdown: {}
